C:\USERS\JAEHONG\DESKTOP\연구_PROGRAM\NEUROSKY\NEUROSKY_DLL_CALL\DEBUG\NEUROSKY_DLL_CALL.DLL
C:\Users\Jaehong\Desktop\연구_program\NeuroSky\NeuroSky_Dll_Call\Debug\NeuroSky_Dll_Call.exp
C:\USERS\JAEHONG\DESKTOP\연구_PROGRAM\NEUROSKY\NEUROSKY_DLL_CALL\DEBUG\NEUROSKY_DLL_CALL.ILK
C:\Users\Jaehong\Desktop\연구_program\NeuroSky\NeuroSky_Dll_Call\Debug\NeuroSky_Dll_Call.lib
C:\USERS\JAEHONG\DESKTOP\연구_PROGRAM\NEUROSKY\NEUROSKY_DLL_CALL\DEBUG\NEUROSKY_DLL_CALL.PDB
C:\USERS\JAEHONG\DESKTOP\연구_PROGRAM\NEUROSKY\NEUROSKY_DLL_CALL\NEUROSKY_DLL_CALL\DEBUG\DLLMAIN.OBJ
C:\USERS\JAEHONG\DESKTOP\연구_PROGRAM\NEUROSKY\NEUROSKY_DLL_CALL\NEUROSKY_DLL_CALL\DEBUG\NEUROSKY_DLL_CALL.DLL.EMBED.MANIFEST
C:\USERS\JAEHONG\DESKTOP\연구_PROGRAM\NEUROSKY\NEUROSKY_DLL_CALL\NEUROSKY_DLL_CALL\DEBUG\NEUROSKY_DLL_CALL.DLL.EMBED.MANIFEST.RES
C:\USERS\JAEHONG\DESKTOP\연구_PROGRAM\NEUROSKY\NEUROSKY_DLL_CALL\NEUROSKY_DLL_CALL\DEBUG\NEUROSKY_DLL_CALL.DLL.INTERMEDIATE.MANIFEST
C:\USERS\JAEHONG\DESKTOP\연구_PROGRAM\NEUROSKY\NEUROSKY_DLL_CALL\NEUROSKY_DLL_CALL\DEBUG\NEUROSKY_DLL_CALL.OBJ
C:\USERS\JAEHONG\DESKTOP\연구_PROGRAM\NEUROSKY\NEUROSKY_DLL_CALL\NEUROSKY_DLL_CALL\DEBUG\NEUROSKY_DLL_CALL.PCH
C:\USERS\JAEHONG\DESKTOP\연구_PROGRAM\NEUROSKY\NEUROSKY_DLL_CALL\NEUROSKY_DLL_CALL\DEBUG\STDAFX.OBJ
C:\USERS\JAEHONG\DESKTOP\연구_PROGRAM\NEUROSKY\NEUROSKY_DLL_CALL\NEUROSKY_DLL_CALL\DEBUG\VC100.PDB
C:\USERS\JAEHONG\DESKTOP\연구_PROGRAM\NEUROSKY\NEUROSKY_DLL_CALL\NEUROSKY_DLL_CALL\DLLMAIN.ASM
C:\USERS\JAEHONG\DESKTOP\연구_PROGRAM\NEUROSKY\NEUROSKY_DLL_CALL\NEUROSKY_DLL_CALL\NEUROSKY_DLL_CALL.ASM
C:\USERS\JAEHONG\DESKTOP\연구_PROGRAM\NEUROSKY\NEUROSKY_DLL_CALL\NEUROSKY_DLL_CALL\STDAFX.ASM
C:\USERS\SERVER\DESKTOP\NEUROSKY\NEUROSKY_DLL_CALL\DEBUG\NEUROSKY_DLL_CALL.DLL
C:\Users\Server\Desktop\NeuroSky\NeuroSky_Dll_Call\Debug\NeuroSky_Dll_Call.exp
C:\USERS\SERVER\DESKTOP\NEUROSKY\NEUROSKY_DLL_CALL\DEBUG\NEUROSKY_DLL_CALL.ILK
C:\Users\Server\Desktop\NeuroSky\NeuroSky_Dll_Call\Debug\NeuroSky_Dll_Call.lib
C:\USERS\SERVER\DESKTOP\NEUROSKY\NEUROSKY_DLL_CALL\DEBUG\NEUROSKY_DLL_CALL.PDB
C:\Users\Server\Desktop\NeuroSky\NeuroSky_Dll_Call\NeuroSky_Dll_Call\Debug\cl.command.1.tlog
C:\Users\Server\Desktop\NeuroSky\NeuroSky_Dll_Call\NeuroSky_Dll_Call\Debug\CL.read.1.tlog
C:\Users\Server\Desktop\NeuroSky\NeuroSky_Dll_Call\NeuroSky_Dll_Call\Debug\CL.write.1.tlog
C:\USERS\SERVER\DESKTOP\NEUROSKY\NEUROSKY_DLL_CALL\NEUROSKY_DLL_CALL\DEBUG\DLLMAIN.OBJ
C:\Users\Server\Desktop\NeuroSky\NeuroSky_Dll_Call\NeuroSky_Dll_Call\Debug\link.9080.read.1.tlog
C:\Users\Server\Desktop\NeuroSky\NeuroSky_Dll_Call\NeuroSky_Dll_Call\Debug\link.9080.write.1.tlog
C:\Users\Server\Desktop\NeuroSky\NeuroSky_Dll_Call\NeuroSky_Dll_Call\Debug\link.9080-cvtres.read.1.tlog
C:\Users\Server\Desktop\NeuroSky\NeuroSky_Dll_Call\NeuroSky_Dll_Call\Debug\link.9080-cvtres.write.1.tlog
C:\Users\Server\Desktop\NeuroSky\NeuroSky_Dll_Call\NeuroSky_Dll_Call\Debug\link.command.1.tlog
C:\Users\Server\Desktop\NeuroSky\NeuroSky_Dll_Call\NeuroSky_Dll_Call\Debug\link.read.1.tlog
C:\Users\Server\Desktop\NeuroSky\NeuroSky_Dll_Call\NeuroSky_Dll_Call\Debug\link.write.1.tlog
C:\Users\Server\Desktop\NeuroSky\NeuroSky_Dll_Call\NeuroSky_Dll_Call\Debug\link-cvtres.read.1.tlog
C:\Users\Server\Desktop\NeuroSky\NeuroSky_Dll_Call\NeuroSky_Dll_Call\Debug\link-cvtres.write.1.tlog
C:\Users\Server\Desktop\NeuroSky\NeuroSky_Dll_Call\NeuroSky_Dll_Call\Debug\mt.command.1.tlog
C:\Users\Server\Desktop\NeuroSky\NeuroSky_Dll_Call\NeuroSky_Dll_Call\Debug\mt.read.1.tlog
C:\Users\Server\Desktop\NeuroSky\NeuroSky_Dll_Call\NeuroSky_Dll_Call\Debug\mt.write.1.tlog
C:\Users\Server\Desktop\NeuroSky\NeuroSky_Dll_Call\NeuroSky_Dll_Call\Debug\NeuroSky_Dll_Call.dll.embed.manifest
C:\USERS\SERVER\DESKTOP\NEUROSKY\NEUROSKY_DLL_CALL\NEUROSKY_DLL_CALL\DEBUG\NEUROSKY_DLL_CALL.DLL.EMBED.MANIFEST.RES
C:\USERS\SERVER\DESKTOP\NEUROSKY\NEUROSKY_DLL_CALL\NEUROSKY_DLL_CALL\DEBUG\NEUROSKY_DLL_CALL.DLL.INTERMEDIATE.MANIFEST
C:\USERS\SERVER\DESKTOP\NEUROSKY\NEUROSKY_DLL_CALL\NEUROSKY_DLL_CALL\DEBUG\NEUROSKY_DLL_CALL.OBJ
C:\USERS\SERVER\DESKTOP\NEUROSKY\NEUROSKY_DLL_CALL\NEUROSKY_DLL_CALL\DEBUG\NEUROSKY_DLL_CALL.PCH
C:\Users\Server\Desktop\NeuroSky\NeuroSky_Dll_Call\NeuroSky_Dll_Call\Debug\NeuroSky_Dll_Call.vcxprojResolveAssemblyReference.cache
C:\Users\Server\Desktop\NeuroSky\NeuroSky_Dll_Call\NeuroSky_Dll_Call\Debug\NeuroSky_Dll_Call.write.1.tlog
C:\Users\Server\Desktop\NeuroSky\NeuroSky_Dll_Call\NeuroSky_Dll_Call\Debug\NeuroSky_Dll_Call_manifest.rc
C:\Users\Server\Desktop\NeuroSky\NeuroSky_Dll_Call\NeuroSky_Dll_Call\Debug\rc.command.1.tlog
C:\Users\Server\Desktop\NeuroSky\NeuroSky_Dll_Call\NeuroSky_Dll_Call\Debug\rc.read.1.tlog
C:\Users\Server\Desktop\NeuroSky\NeuroSky_Dll_Call\NeuroSky_Dll_Call\Debug\rc.write.1.tlog
C:\USERS\SERVER\DESKTOP\NEUROSKY\NEUROSKY_DLL_CALL\NEUROSKY_DLL_CALL\DEBUG\STDAFX.OBJ
C:\Users\Server\Desktop\NeuroSky\NeuroSky_Dll_Call\NeuroSky_Dll_Call\Debug\vc100.idb
C:\USERS\SERVER\DESKTOP\NEUROSKY\NEUROSKY_DLL_CALL\NEUROSKY_DLL_CALL\DEBUG\VC100.PDB
C:\USERS\SERVER\DESKTOP\NEUROSKY\NEUROSKY_DLL_CALL\NEUROSKY_DLL_CALL\DLLMAIN.ASM
C:\USERS\SERVER\DESKTOP\NEUROSKY\NEUROSKY_DLL_CALL\NEUROSKY_DLL_CALL\NEUROSKY_DLL_CALL.ASM
C:\USERS\SERVER\DESKTOP\NEUROSKY\NEUROSKY_DLL_CALL\NEUROSKY_DLL_CALL\STDAFX.ASM
